The system is: Windows - 10.0.22621 - AMD64
Compiling the C compiler identification source file "CMakeCCompilerId.c" succeeded.
Compiler: D:/SoftWare/Microsoft VisualStudio2022/VC/Tools/MSVC/14.35.32215/bin/Hostx86/x86/cl.exe 
Build flags: 
Id flags:  

The output was:
0
用于 x86 的 Microsoft (R) C/C++ 优化编译器 19.35.32216.1 版
版权所有(C) Microsoft Corporation。保留所有权利。

CMakeCCompilerId.c
Microsoft (R) Incremental Linker Version 14.35.32216.1
Copyright (C) Microsoft Corporation.  All rights reserved.

/out:CMakeCCompilerId.exe 
CMakeCCompilerId.obj 


Compilation of the C compiler identification source "CMakeCCompilerId.c" produced "CMakeCCompilerId.exe"

Compilation of the C compiler identification source "CMakeCCompilerId.c" produced "CMakeCCompilerId.obj"

The C compiler identification is MSVC, found in "C:/Users/13442/Desktop/基于多态的职工管理系统/cmake-build-debug/CMakeFiles/3.25.2/CompilerIdC/CMakeCCompilerId.exe"

Compiling the CXX compiler identification source file "CMakeCXXCompilerId.cpp" succeeded.
Compiler: D:/SoftWare/Microsoft VisualStudio2022/VC/Tools/MSVC/14.35.32215/bin/Hostx86/x86/cl.exe 
Build flags: 
Id flags:  

The output was:
0
用于 x86 的 Microsoft (R) C/C++ 优化编译器 19.35.32216.1 版
版权所有(C) Microsoft Corporation。保留所有权利。

CMakeCXXCompilerId.cpp
Microsoft (R) Incremental Linker Version 14.35.32216.1
Copyright (C) Microsoft Corporation.  All rights reserved.

/out:CMakeCXXCompilerId.exe 
CMakeCXXCompilerId.obj 


Compilation of the CXX compiler identification source "CMakeCXXCompilerId.cpp" produced "CMakeCXXCompilerId.exe"

Compilation of the CXX compiler identification source "CMakeCXXCompilerId.cpp" produced "CMakeCXXCompilerId.obj"

The CXX compiler identification is MSVC, found in "C:/Users/13442/Desktop/基于多态的职工管理系统/cmake-build-debug/CMakeFiles/3.25.2/CompilerIdCXX/CMakeCXXCompilerId.exe"

Detecting C compiler ABI info compiled with the following output:
Change Dir: C:/Users/13442/Desktop/基于多态的职工管理系统/cmake-build-debug/CMakeFiles/CMakeScratch/TryCompile-5ygitg

Run Build Command(s):D:/SoftWare/Clion-2023.1.1/CLion 2023.1.1/bin/ninja/win/x64/ninja.exe cmTC_c46f0 && [1/2] Building C object CMakeFiles\cmTC_c46f0.dir\CMakeCCompilerABI.c.obj
[2/2] Linking C executable cmTC_c46f0.exe



Detecting CXX compiler ABI info compiled with the following output:
Change Dir: C:/Users/13442/Desktop/基于多态的职工管理系统/cmake-build-debug/CMakeFiles/CMakeScratch/TryCompile-cbfg6v

Run Build Command(s):D:/SoftWare/Clion-2023.1.1/CLion 2023.1.1/bin/ninja/win/x64/ninja.exe cmTC_bad26 && [1/2] Building CXX object CMakeFiles\cmTC_bad26.dir\CMakeCXXCompilerABI.cpp.obj
[2/2] Linking CXX executable cmTC_bad26.exe



